562805: openSUSE:Factory:Staging:K not ready
566370: openSUSE:Leap:15.0:Staging:E not ready
537574: openSUSE:Factory:Staging:adi:74 build unchanged
537729: openSUSE:Factory:Staging:adi:64 build unchanged
537730: openSUSE:Factory:Staging:adi:64 build unchanged
537736: openSUSE:Factory:Staging:adi:64 build unchanged
537737: openSUSE:Factory:Staging:adi:64 build unchanged
538761: openSUSE:Factory:Staging:adi:54 build unchanged
538763: openSUSE:Factory:Staging:adi:71 build unchanged
538764: openSUSE:Factory:Staging:adi:71 build unchanged
538765: openSUSE:Factory:Staging:adi:71 build unchanged
540459: openSUSE:Factory:Staging:adi:48 build unchanged
541768: not staged
543099: openSUSE:Leap:15.0:Staging:adi:43 not ready
543112: openSUSE:Leap:15.0:Staging:adi:43 not ready
543201: openSUSE:Leap:15.0:Staging:adi:43 not ready
543278: openSUSE:Leap:15.0:Staging:adi:8 not ready
543294: openSUSE:Leap:15.0:Staging:adi:43 not ready
543595: openSUSE:Leap:15.0:Staging:adi:43 not ready
543642: openSUSE:Leap:15.0:Staging:adi:53 not ready
543742: openSUSE:Leap:15.0:Staging:adi:43 not ready
544316: openSUSE:Factory:Staging:adi:7 build unchanged
544923: not staged
547968: openSUSE:Leap:15.0:Staging:adi:23 not ready
547978: openSUSE:Leap:15.0:Staging:adi:23 not ready
548550: openSUSE:Factory:Staging:adi:100 build unchanged
548553: openSUSE:Factory:Staging:adi:100 build unchanged
548556: openSUSE:Factory:Staging:adi:100 build unchanged
548557: openSUSE:Factory:Staging:adi:100 build unchanged
548558: openSUSE:Factory:Staging:adi:100 build unchanged
548559: openSUSE:Factory:Staging:adi:100 build unchanged
548575: openSUSE:Leap:15.0:Staging:adi:32 not ready
548576: openSUSE:Leap:15.0:Staging:adi:32 not ready
548577: openSUSE:Leap:15.0:Staging:adi:32 not ready
548578: openSUSE:Leap:15.0:Staging:adi:32 not ready
548586: openSUSE:Leap:15.0:Staging:adi:17 not ready
548611: openSUSE:Leap:15.0:Staging:adi:90 not ready
548651: openSUSE:Leap:15.0:Staging:adi:76 not ready
548694: openSUSE:Leap:15.0:Staging:adi:52 not ready
548704: openSUSE:Leap:15.0:Staging:adi:49 not ready
548705: openSUSE:Leap:15.0:Staging:adi:76 not ready
548736: openSUSE:Leap:15.0:Staging:adi:96 not ready
548740: openSUSE:Leap:15.0:Staging:adi:88 not ready
548787: openSUSE:Leap:15.0:Staging:adi:94 not ready
548822: openSUSE:Leap:15.0:Staging:adi:106 not ready
548842: openSUSE:Leap:15.0:Staging:adi:30 not ready
548846: openSUSE:Leap:15.0:Staging:adi:41 not ready
548852: openSUSE:Leap:15.0:Staging:adi:36 not ready
548853: openSUSE:Leap:15.0:Staging:adi:49 not ready
548903: openSUSE:Leap:15.0:Staging:adi:52 not ready
548904: openSUSE:Leap:15.0:Staging:adi:151 not ready
548905: openSUSE:Leap:15.0:Staging:adi:151 not ready
548922: openSUSE:Leap:15.0:Staging:adi:90 not ready
548930: openSUSE:Leap:15.0:Staging:adi:151 not ready
548931: openSUSE:Leap:15.0:Staging:adi:151 not ready
548932: openSUSE:Leap:15.0:Staging:adi:151 not ready
548933: openSUSE:Leap:15.0:Staging:adi:151 not ready
548941: openSUSE:Leap:15.0:Staging:adi:55 not ready
548946: openSUSE:Leap:15.0:Staging:adi:49 not ready
548950: openSUSE:Leap:15.0:Staging:adi:70 not ready
548954: openSUSE:Leap:15.0:Staging:adi:70 not ready
548955: openSUSE:Leap:15.0:Staging:adi:70 not ready
548956: openSUSE:Leap:15.0:Staging:adi:70 not ready
548957: openSUSE:Leap:15.0:Staging:adi:70 not ready
548958: openSUSE:Leap:15.0:Staging:adi:70 not ready
548959: openSUSE:Leap:15.0:Staging:adi:70 not ready
548960: openSUSE:Leap:15.0:Staging:adi:70 not ready
548961: openSUSE:Leap:15.0:Staging:adi:70 not ready
548962: openSUSE:Leap:15.0:Staging:adi:70 not ready
548963: openSUSE:Leap:15.0:Staging:adi:70 not ready
548967: openSUSE:Leap:15.0:Staging:adi:56 not ready
548968: openSUSE:Leap:15.0:Staging:adi:55 not ready
548989: openSUSE:Leap:15.0:Staging:adi:52 not ready
548994: openSUSE:Leap:15.0:Staging:adi:29 not ready
549047: openSUSE:Leap:15.0:Staging:adi:49 not ready
549059: openSUSE:Leap:15.0:Staging:adi:71 not ready
549061: openSUSE:Leap:15.0:Staging:adi:71 not ready
549062: openSUSE:Leap:15.0:Staging:adi:71 not ready
549063: openSUSE:Leap:15.0:Staging:adi:71 not ready
549083: openSUSE:Leap:15.0:Staging:adi:29 not ready
549084: openSUSE:Leap:15.0:Staging:adi:49 not ready
549089: openSUSE:Leap:15.0:Staging:adi:29 not ready
549090: openSUSE:Leap:15.0:Staging:adi:64 not ready
549091: openSUSE:Leap:15.0:Staging:adi:70 not ready
549094: openSUSE:Leap:15.0:Staging:adi:77 not ready
549112: openSUSE:Leap:15.0:Staging:adi:88 not ready
549125: openSUSE:Leap:15.0:Staging:adi:49 not ready
549146: openSUSE:Leap:15.0:Staging:adi:88 not ready
549162: openSUSE:Leap:15.0:Staging:adi:76 not ready
549163: openSUSE:Leap:15.0:Staging:adi:76 not ready
549164: openSUSE:Leap:15.0:Staging:adi:76 not ready
549168: openSUSE:Leap:15.0:Staging:adi:109 not ready
549181: openSUSE:Leap:15.0:Staging:adi:113 not ready
549184: openSUSE:Leap:15.0:Staging:adi:56 not ready
549197: openSUSE:Leap:15.0:Staging:adi:109 not ready
549205: openSUSE:Leap:15.0:Staging:adi:29 not ready
549209: openSUSE:Leap:15.0:Staging:adi:30 not ready
549298: openSUSE:Leap:15.0:Staging:adi:64 not ready
549305: openSUSE:Leap:15.0:Staging:adi:52 not ready
549336: openSUSE:Leap:15.0:Staging:adi:52 not ready
549345: openSUSE:Leap:15.0:Staging:adi:90 not ready
549350: openSUSE:Leap:15.0:Staging:adi:141 not ready
549351: openSUSE:Leap:15.0:Staging:adi:52 not ready
549367: openSUSE:Leap:15.0:Staging:adi:70 not ready
549380: openSUSE:Leap:15.0:Staging:adi:64 not ready
549385: openSUSE:Leap:15.0:Staging:adi:88 not ready
549391: openSUSE:Leap:15.0:Staging:adi:29 not ready
549393: openSUSE:Leap:15.0:Staging:adi:29 not ready
549413: openSUSE:Leap:15.0:Staging:adi:88 not ready
549415: openSUSE:Leap:15.0:Staging:adi:130 not ready
549416: openSUSE:Leap:15.0:Staging:adi:130 not ready
549418: openSUSE:Leap:15.0:Staging:adi:30 not ready
549423: openSUSE:Leap:15.0:Staging:adi:88 not ready
549430: openSUSE:Leap:15.0:Staging:adi:138 not ready
549431: openSUSE:Leap:15.0:Staging:adi:49 not ready
550416: openSUSE:Leap:15.0:Staging:adi:88 not ready
550417: openSUSE:Leap:15.0:Staging:adi:77 not ready
550418: openSUSE:Leap:15.0:Staging:adi:52 not ready
550421: openSUSE:Leap:15.0:Staging:adi:30 not ready
550424: openSUSE:Leap:15.0:Staging:adi:32 not ready
550441: openSUSE:Leap:15.0:Staging:adi:88 not ready
550451: openSUSE:Leap:15.0:Staging:adi:88 not ready
550457: openSUSE:Leap:15.0:Staging:adi:88 not ready
550464: openSUSE:Leap:15.0:Staging:adi:29 not ready
550465: openSUSE:Leap:15.0:Staging:adi:29 not ready
550466: openSUSE:Leap:15.0:Staging:adi:29 not ready
550479: openSUSE:Leap:15.0:Staging:adi:88 not ready
550547: openSUSE:Leap:15.0:Staging:adi:76 not ready
550550: openSUSE:Leap:15.0:Staging:adi:94 not ready
550588: openSUSE:Leap:15.0:Staging:adi:88 not ready
550592: openSUSE:Leap:15.0:Staging:adi:88 not ready
550596: openSUSE:Leap:15.0:Staging:adi:140 not ready
550599: openSUSE:Leap:15.0:Staging:adi:90 not ready
550627: openSUSE:Leap:15.0:Staging:adi:49 not ready
550631: openSUSE:Leap:15.0:Staging:adi:113 not ready
550636: openSUSE:Leap:15.0:Staging:adi:50 not ready
550666: openSUSE:Leap:15.0:Staging:adi:88 not ready
550675: openSUSE:Leap:15.0:Staging:adi:70 not ready
550676: openSUSE:Leap:15.0:Staging:adi:70 not ready
550695: openSUSE:Leap:15.0:Staging:adi:113 not ready
550751: openSUSE:Leap:15.0:Staging:adi:90 not ready
550775: openSUSE:Leap:15.0:Staging:adi:30 not ready
550800: openSUSE:Leap:15.0:Staging:adi:49 not ready
550802: openSUSE:Leap:15.0:Staging:adi:109 not ready
550803: openSUSE:Leap:15.0:Staging:adi:49 not ready
550825: openSUSE:Leap:15.0:Staging:adi:49 not ready
550828: openSUSE:Leap:15.0:Staging:adi:49 not ready
550829: openSUSE:Leap:15.0:Staging:adi:49 not ready
550832: openSUSE:Leap:15.0:Staging:adi:49 not ready
550838: openSUSE:Leap:15.0:Staging:adi:49 not ready
550839: openSUSE:Leap:15.0:Staging:adi:49 not ready
550845: openSUSE:Leap:15.0:Staging:adi:49 not ready
550846: openSUSE:Leap:15.0:Staging:adi:49 not ready
550847: openSUSE:Leap:15.0:Staging:adi:49 not ready
550848: openSUSE:Leap:15.0:Staging:adi:49 not ready
550849: openSUSE:Leap:15.0:Staging:adi:49 not ready
550852: openSUSE:Leap:15.0:Staging:adi:49 not ready
550853: openSUSE:Leap:15.0:Staging:adi:49 not ready
550860: openSUSE:Leap:15.0:Staging:adi:49 not ready
550861: openSUSE:Leap:15.0:Staging:adi:108 not ready
550863: openSUSE:Leap:15.0:Staging:adi:49 not ready
550881: openSUSE:Leap:15.0:Staging:adi:49 not ready
550884: openSUSE:Leap:15.0:Staging:adi:7 not ready
550887: openSUSE:Leap:15.0:Staging:adi:49 not ready
550904: openSUSE:Leap:15.0:Staging:adi:56 not ready
550906: openSUSE:Leap:15.0:Staging:adi:49 not ready
550908: openSUSE:Leap:15.0:Staging:adi:49 not ready
550914: openSUSE:Leap:15.0:Staging:adi:70 not ready
550916: openSUSE:Leap:15.0:Staging:adi:151 not ready
550921: openSUSE:Leap:15.0:Staging:adi:49 not ready
550923: openSUSE:Leap:15.0:Staging:adi:49 not ready
550925: openSUSE:Leap:15.0:Staging:adi:49 not ready
550926: openSUSE:Leap:15.0:Staging:adi:49 not ready
550927: openSUSE:Leap:15.0:Staging:adi:49 not ready
550931: openSUSE:Leap:15.0:Staging:adi:49 not ready
550932: openSUSE:Leap:15.0:Staging:adi:49 not ready
550934: openSUSE:Leap:15.0:Staging:adi:49 not ready
550936: openSUSE:Leap:15.0:Staging:adi:49 not ready
550940: openSUSE:Leap:15.0:Staging:adi:49 not ready
550945: openSUSE:Leap:15.0:Staging:adi:49 not ready
550960: openSUSE:Leap:15.0:Staging:adi:49 not ready
550962: openSUSE:Leap:15.0:Staging:adi:49 not ready
550963: openSUSE:Leap:15.0:Staging:adi:49 not ready
550968: openSUSE:Leap:15.0:Staging:adi:113 not ready
551019: openSUSE:Leap:15.0:Staging:adi:49 not ready
551040: openSUSE:Leap:15.0:Staging:adi:151 not ready
551042: openSUSE:Leap:15.0:Staging:adi:70 not ready
551055: openSUSE:Leap:15.0:Staging:adi:71 not ready
551058: openSUSE:Leap:15.0:Staging:adi:49 not ready
551121: openSUSE:Leap:15.0:Staging:adi:49 not ready
551195: openSUSE:Leap:15.0:Staging:adi:65 not ready
551251: openSUSE:Leap:15.0:Staging:adi:151 not ready
551262: openSUSE:Leap:15.0:Staging:adi:70 not ready
551268: openSUSE:Leap:15.0:Staging:adi:90 not ready
551286: openSUSE:Leap:15.0:Staging:adi:10 not ready
551303: openSUSE:Leap:15.0:Staging:adi:151 not ready
551304: openSUSE:Leap:15.0:Staging:adi:90 not ready
551308: openSUSE:Leap:15.0:Staging:adi:88 not ready
551436: openSUSE:Leap:15.0:Staging:adi:76 not ready
551445: openSUSE:Leap:15.0:Staging:adi:159 not ready
551471: openSUSE:Leap:15.0:Staging:adi:109 not ready
551530: openSUSE:Leap:15.0:Staging:adi:56 not ready
551531: openSUSE:Leap:15.0:Staging:adi:56 not ready
551564: openSUSE:Leap:15.0:Staging:adi:55 not ready
551570: openSUSE:Leap:15.0:Staging:adi:88 not ready
551574: openSUSE:Leap:15.0:Staging:adi:88 not ready
551581: openSUSE:Leap:15.0:Staging:adi:88 not ready
551583: openSUSE:Leap:15.0:Staging:adi:74 not ready
551603: openSUSE:Leap:15.0:Staging:adi:141 not ready
551604: openSUSE:Leap:15.0:Staging:adi:74 not ready
551615: openSUSE:Leap:15.0:Staging:adi:88 not ready
551619: openSUSE:Leap:15.0:Staging:adi:74 not ready
551623: openSUSE:Leap:15.0:Staging:adi:138 not ready
551631: openSUSE:Leap:15.0:Staging:adi:76 not ready
551705: openSUSE:Leap:15.0:Staging:adi:113 not ready
551749: openSUSE:Leap:15.0:Staging:adi:94 not ready
551757: openSUSE:Leap:15.0:Staging:adi:52 not ready
551764: openSUSE:Leap:15.0:Staging:adi:151 not ready
551765: openSUSE:Leap:15.0:Staging:adi:151 not ready
551766: openSUSE:Leap:15.0:Staging:adi:151 not ready
551767: openSUSE:Leap:15.0:Staging:adi:151 not ready
551770: openSUSE:Leap:15.0:Staging:adi:10 not ready
551779: openSUSE:Leap:15.0:Staging:adi:29 not ready
551780: openSUSE:Leap:15.0:Staging:adi:29 not ready
551800: openSUSE:Leap:15.0:Staging:adi:49 not ready
551801: openSUSE:Leap:15.0:Staging:adi:49 not ready
551802: openSUSE:Leap:15.0:Staging:adi:70 not ready
551822: openSUSE:Leap:15.0:Staging:adi:88 not ready
551826: openSUSE:Leap:15.0:Staging:adi:76 not ready
551827: openSUSE:Leap:15.0:Staging:adi:76 not ready
551828: openSUSE:Leap:15.0:Staging:adi:76 not ready
551834: openSUSE:Leap:15.0:Staging:adi:88 not ready
551852: openSUSE:Leap:15.0:Staging:adi:49 not ready
551882: openSUSE:Leap:15.0:Staging:adi:36 not ready
551889: openSUSE:Leap:15.0:Staging:adi:109 not ready
552602: openSUSE:Leap:15.0:Staging:adi:111 not ready
552610: openSUSE:Leap:15.0:Staging:adi:141 not ready
552612: openSUSE:Leap:15.0:Staging:adi:141 not ready
552613: openSUSE:Leap:15.0:Staging:adi:141 not ready
552645: openSUSE:Leap:15.0:Staging:adi:30 not ready
552646: openSUSE:Leap:15.0:Staging:adi:88 not ready
552653: openSUSE:Leap:15.0:Staging:adi:76 not ready
552656: openSUSE:Leap:15.0:Staging:adi:49 not ready
552657: openSUSE:Leap:15.0:Staging:adi:141 not ready
552678: openSUSE:Leap:15.0:Staging:adi:49 not ready
552687: openSUSE:Leap:15.0:Staging:adi:141 not ready
552694: openSUSE:Leap:15.0:Staging:adi:109 not ready
552701: openSUSE:Leap:15.0:Staging:adi:52 not ready
552707: openSUSE:Leap:15.0:Staging:adi:55 not ready
552747: openSUSE:Leap:15.0:Staging:adi:29 not ready
552750: openSUSE:Leap:15.0:Staging:adi:113 not ready
552755: openSUSE:Leap:15.0:Staging:adi:29 not ready
552759: openSUSE:Leap:15.0:Staging:adi:29 not ready
552766: openSUSE:Leap:15.0:Staging:adi:29 not ready
552770: openSUSE:Leap:15.0:Staging:adi:29 not ready
552774: openSUSE:Leap:15.0:Staging:adi:29 not ready
552790: openSUSE:Leap:15.0:Staging:adi:29 not ready
552792: openSUSE:Leap:15.0:Staging:adi:7 not ready
552793: openSUSE:Leap:15.0:Staging:adi:7 not ready
552797: openSUSE:Leap:15.0:Staging:adi:29 not ready
552799: openSUSE:Leap:15.0:Staging:adi:29 not ready
552801: openSUSE:Leap:15.0:Staging:adi:29 not ready
552802: openSUSE:Leap:15.0:Staging:adi:29 not ready
552804: openSUSE:Leap:15.0:Staging:adi:29 not ready
552808: openSUSE:Leap:15.0:Staging:adi:70 not ready
552812: openSUSE:Leap:15.0:Staging:adi:29 not ready
552818: openSUSE:Leap:15.0:Staging:adi:29 not ready
552823: openSUSE:Leap:15.0:Staging:adi:29 not ready
552827: openSUSE:Leap:15.0:Staging:adi:29 not ready
552843: openSUSE:Leap:15.0:Staging:adi:7 not ready
552854: openSUSE:Leap:15.0:Staging:adi:29 not ready
552862: openSUSE:Leap:15.0:Staging:adi:7 not ready
552863: openSUSE:Leap:15.0:Staging:adi:29 not ready
552881: openSUSE:Leap:15.0:Staging:adi:29 not ready
552884: openSUSE:Leap:15.0:Staging:adi:29 not ready
552897: openSUSE:Leap:15.0:Staging:adi:7 not ready
552909: openSUSE:Leap:15.0:Staging:adi:29 not ready
552910: openSUSE:Leap:15.0:Staging:adi:29 not ready
552912: openSUSE:Leap:15.0:Staging:adi:29 not ready
552924: openSUSE:Leap:15.0:Staging:adi:29 not ready
552925: openSUSE:Leap:15.0:Staging:adi:29 not ready
552926: openSUSE:Leap:15.0:Staging:adi:7 not ready
552938: openSUSE:Leap:15.0:Staging:adi:29 not ready
552939: openSUSE:Leap:15.0:Staging:adi:29 not ready
552951: openSUSE:Leap:15.0:Staging:adi:29 not ready
552956: openSUSE:Leap:15.0:Staging:adi:7 not ready
552959: openSUSE:Leap:15.0:Staging:adi:29 not ready
552960: openSUSE:Leap:15.0:Staging:adi:29 not ready
552962: openSUSE:Leap:15.0:Staging:adi:7 not ready
552963: openSUSE:Leap:15.0:Staging:adi:7 not ready
552964: openSUSE:Leap:15.0:Staging:adi:29 not ready
552966: openSUSE:Leap:15.0:Staging:adi:7 not ready
552973: openSUSE:Leap:15.0:Staging:adi:151 not ready
552977: openSUSE:Leap:15.0:Staging:adi:29 not ready
552979: openSUSE:Leap:15.0:Staging:adi:29 not ready
552983: openSUSE:Leap:15.0:Staging:adi:29 not ready
552990: openSUSE:Leap:15.0:Staging:adi:29 not ready
552993: openSUSE:Leap:15.0:Staging:adi:29 not ready
552996: openSUSE:Leap:15.0:Staging:adi:29 not ready
553000: openSUSE:Leap:15.0:Staging:adi:29 not ready
553004: openSUSE:Leap:15.0:Staging:adi:29 not ready
553008: openSUSE:Leap:15.0:Staging:adi:29 not ready
553014: openSUSE:Leap:15.0:Staging:adi:29 not ready
553025: openSUSE:Leap:15.0:Staging:adi:29 not ready
553027: openSUSE:Leap:15.0:Staging:adi:29 not ready
553028: openSUSE:Leap:15.0:Staging:adi:29 not ready
553029: openSUSE:Leap:15.0:Staging:adi:29 not ready
553030: openSUSE:Leap:15.0:Staging:adi:29 not ready
553031: openSUSE:Leap:15.0:Staging:adi:29 not ready
553033: openSUSE:Leap:15.0:Staging:adi:29 not ready
553036: openSUSE:Leap:15.0:Staging:adi:29 not ready
553038: openSUSE:Leap:15.0:Staging:adi:29 not ready
553042: openSUSE:Leap:15.0:Staging:adi:7 not ready
553045: openSUSE:Leap:15.0:Staging:adi:29 not ready
553046: openSUSE:Leap:15.0:Staging:adi:29 not ready
553048: openSUSE:Leap:15.0:Staging:adi:29 not ready
553049: openSUSE:Leap:15.0:Staging:adi:29 not ready
553052: openSUSE:Leap:15.0:Staging:adi:29 not ready
553054: openSUSE:Leap:15.0:Staging:adi:29 not ready
553055: openSUSE:Leap:15.0:Staging:adi:29 not ready
553056: openSUSE:Leap:15.0:Staging:adi:29 not ready
553066: openSUSE:Leap:15.0:Staging:adi:29 not ready
553070: openSUSE:Leap:15.0:Staging:adi:29 not ready
553071: openSUSE:Leap:15.0:Staging:adi:29 not ready
553091: openSUSE:Leap:15.0:Staging:adi:29 not ready
553095: openSUSE:Leap:15.0:Staging:adi:7 not ready
553115: openSUSE:Leap:15.0:Staging:adi:29 not ready
553118: openSUSE:Leap:15.0:Staging:adi:7 not ready
553126: openSUSE:Leap:15.0:Staging:adi:7 not ready
553132: openSUSE:Leap:15.0:Staging:adi:64 not ready
553149: openSUSE:Leap:15.0:Staging:adi:7 not ready
553174: openSUSE:Leap:15.0:Staging:adi:29 not ready
553179: openSUSE:Leap:15.0:Staging:adi:7 not ready
553182: openSUSE:Leap:15.0:Staging:adi:29 not ready
553187: openSUSE:Leap:15.0:Staging:adi:29 not ready
553204: openSUSE:Leap:15.0:Staging:adi:29 not ready
553210: openSUSE:Leap:15.0:Staging:adi:29 not ready
553215: openSUSE:Leap:15.0:Staging:adi:29 not ready
553217: openSUSE:Leap:15.0:Staging:adi:29 not ready
553219: openSUSE:Leap:15.0:Staging:adi:29 not ready
553220: openSUSE:Leap:15.0:Staging:adi:29 not ready
553230: openSUSE:Leap:15.0:Staging:adi:29 not ready
553233: openSUSE:Leap:15.0:Staging:adi:29 not ready
553236: openSUSE:Leap:15.0:Staging:adi:29 not ready
553239: openSUSE:Leap:15.0:Staging:adi:29 not ready
553252: openSUSE:Leap:15.0:Staging:adi:29 not ready
553257: openSUSE:Leap:15.0:Staging:adi:29 not ready
553265: openSUSE:Leap:15.0:Staging:adi:29 not ready
553282: openSUSE:Leap:15.0:Staging:adi:29 not ready
553285: openSUSE:Leap:15.0:Staging:adi:29 not ready
553289: openSUSE:Leap:15.0:Staging:adi:29 not ready
553292: openSUSE:Leap:15.0:Staging:adi:29 not ready
553294: openSUSE:Leap:15.0:Staging:adi:7 not ready
553295: openSUSE:Leap:15.0:Staging:adi:29 not ready
553310: openSUSE:Leap:15.0:Staging:adi:49 not ready
553327: openSUSE:Leap:15.0:Staging:adi:49 not ready
553354: openSUSE:Leap:15.0:Staging:adi:71 not ready
553360: openSUSE:Leap:15.0:Staging:adi:49 not ready
553368: openSUSE:Leap:15.0:Staging:adi:49 not ready
553372: openSUSE:Leap:15.0:Staging:adi:49 not ready
553378: openSUSE:Leap:15.0:Staging:adi:100 not ready
553389: openSUSE:Leap:15.0:Staging:adi:44 not ready
553421: openSUSE:Leap:15.0:Staging:adi:88 not ready
553425: openSUSE:Leap:15.0:Staging:adi:113 not ready
553444: openSUSE:Leap:15.0:Staging:adi:141 not ready
553451: openSUSE:Leap:15.0:Staging:adi:49 not ready
553456: openSUSE:Leap:15.0:Staging:adi:103 not ready
553463: openSUSE:Leap:15.0:Staging:adi:103 not ready
553468: openSUSE:Leap:15.0:Staging:adi:6 not ready
553470: openSUSE:Leap:15.0:Staging:adi:6 not ready
553471: openSUSE:Leap:15.0:Staging:adi:6 not ready
553498: openSUSE:Leap:15.0:Staging:adi:6 not ready
553540: openSUSE:Leap:15.0:Staging:adi:6 not ready
553542: openSUSE:Leap:15.0:Staging:adi:6 not ready
553565: openSUSE:Leap:15.0:Staging:adi:6 not ready
553567: openSUSE:Leap:15.0:Staging:adi:6 not ready
553576: openSUSE:Leap:15.0:Staging:adi:6 not ready
553580: openSUSE:Leap:15.0:Staging:adi:6 not ready
553622: openSUSE:Leap:15.0:Staging:adi:6 not ready
553625: openSUSE:Leap:15.0:Staging:adi:6 not ready
553627: openSUSE:Leap:15.0:Staging:adi:6 not ready
553634: openSUSE:Leap:15.0:Staging:adi:6 not ready
553636: openSUSE:Leap:15.0:Staging:adi:6 not ready
553644: openSUSE:Leap:15.0:Staging:adi:6 not ready
553647: openSUSE:Leap:15.0:Staging:adi:6 not ready
553659: openSUSE:Leap:15.0:Staging:adi:6 not ready
553680: openSUSE:Leap:15.0:Staging:adi:6 not ready
553684: openSUSE:Leap:15.0:Staging:adi:6 not ready
553698: openSUSE:Leap:15.0:Staging:adi:6 not ready
553715: openSUSE:Leap:15.0:Staging:adi:70 not ready
553723: openSUSE:Leap:15.0:Staging:adi:94 not ready
553724: openSUSE:Leap:15.0:Staging:adi:151 not ready
553725: openSUSE:Leap:15.0:Staging:adi:151 not ready
553726: openSUSE:Leap:15.0:Staging:adi:151 not ready
553727: openSUSE:Leap:15.0:Staging:adi:151 not ready
553728: openSUSE:Leap:15.0:Staging:adi:151 not ready
553729: openSUSE:Leap:15.0:Staging:adi:151 not ready
553730: openSUSE:Leap:15.0:Staging:adi:151 not ready
553731: openSUSE:Leap:15.0:Staging:adi:151 not ready
553732: openSUSE:Leap:15.0:Staging:adi:151 not ready
553733: openSUSE:Leap:15.0:Staging:adi:151 not ready
553736: openSUSE:Leap:15.0:Staging:adi:106 not ready
553745: openSUSE:Leap:15.0:Staging:adi:113 not ready
553750: openSUSE:Leap:15.0:Staging:adi:76 not ready
553753: openSUSE:Leap:15.0:Staging:adi:76 not ready
553754: openSUSE:Leap:15.0:Staging:adi:49 not ready
553775: openSUSE:Leap:15.0:Staging:adi:56 not ready
553793: openSUSE:Leap:15.0:Staging:adi:113 not ready
553809: openSUSE:Leap:15.0:Staging:adi:52 not ready
553811: openSUSE:Leap:15.0:Staging:adi:70 not ready
553823: openSUSE:Leap:15.0:Staging:adi:105 not ready
553826: openSUSE:Leap:15.0:Staging:adi:56 not ready
553844: openSUSE:Leap:15.0:Staging:adi:88 not ready
553846: openSUSE:Leap:15.0:Staging:adi:76 not ready
553854: openSUSE:Leap:15.0:Staging:adi:64 not ready
553861: openSUSE:Leap:15.0:Staging:adi:88 not ready
553876: openSUSE:Leap:15.0:Staging:adi:49 not ready
553884: openSUSE:Leap:15.0:Staging:adi:29 not ready
553885: openSUSE:Leap:15.0:Staging:adi:29 not ready
553941: openSUSE:Leap:15.0:Staging:adi:36 not ready
553947: openSUSE:Leap:15.0:Staging:adi:109 not ready
553955: openSUSE:Leap:15.0:Staging:adi:88 not ready
553959: openSUSE:Leap:15.0:Staging:adi:70 not ready
553980: openSUSE:Leap:15.0:Staging:adi:88 not ready
553996: openSUSE:Leap:15.0:Staging:adi:52 not ready
554001: openSUSE:Leap:15.0:Staging:adi:49 not ready
554010: openSUSE:Leap:15.0:Staging:adi:52 not ready
554012: openSUSE:Leap:15.0:Staging:adi:77 not ready
554022: openSUSE:Leap:15.0:Staging:adi:113 not ready
554053: openSUSE:Leap:15.0:Staging:adi:74 not ready
554066: openSUSE:Leap:15.0:Staging:adi:151 not ready
554067: openSUSE:Leap:15.0:Staging:adi:49 not ready
554070: openSUSE:Leap:15.0:Staging:adi:22 not ready
554072: openSUSE:Leap:15.0:Staging:adi:74 not ready
554073: openSUSE:Leap:15.0:Staging:adi:29 not ready
554074: openSUSE:Leap:15.0:Staging:adi:74 not ready
554085: openSUSE:Leap:15.0:Staging:adi:52 not ready
554088: openSUSE:Leap:15.0:Staging:adi:49 not ready
554156: openSUSE:Leap:15.0:Staging:adi:138 not ready
554219: openSUSE:Leap:15.0:Staging:adi:28 not ready
554223: openSUSE:Leap:15.0:Staging:adi:113 not ready
554233: openSUSE:Leap:15.0:Staging:adi:64 not ready
554235: openSUSE:Leap:15.0:Staging:adi:26 not ready
554248: openSUSE:Leap:15.0:Staging:adi:26 not ready
554255: openSUSE:Leap:15.0:Staging:adi:26 not ready
554263: openSUSE:Leap:15.0:Staging:adi:26 not ready
554275: openSUSE:Leap:15.0:Staging:adi:151 not ready
554276: openSUSE:Leap:15.0:Staging:adi:26 not ready
554280: openSUSE:Leap:15.0:Staging:adi:100 not ready
554286: openSUSE:Leap:15.0:Staging:adi:26 not ready
554304: openSUSE:Leap:15.0:Staging:adi:26 not ready
554305: openSUSE:Leap:15.0:Staging:adi:65 not ready
554308: openSUSE:Leap:15.0:Staging:adi:70 not ready
554315: openSUSE:Leap:15.0:Staging:adi:70 not ready
554406: openSUSE:Leap:15.0:Staging:adi:113 not ready
554413: openSUSE:Leap:15.0:Staging:adi:26 not ready
554428: openSUSE:Leap:15.0:Staging:adi:26 not ready
554442: openSUSE:Leap:15.0:Staging:adi:26 not ready
554445: openSUSE:Leap:15.0:Staging:adi:26 not ready
554475: openSUSE:Leap:15.0:Staging:adi:44 not ready
554496: openSUSE:Leap:15.0:Staging:adi:49 not ready
554497: openSUSE:Leap:15.0:Staging:adi:26 not ready
554511: openSUSE:Leap:15.0:Staging:adi:103 not ready
554518: openSUSE:Leap:15.0:Staging:adi:49 not ready
554554: openSUSE:Leap:15.0:Staging:adi:49 not ready
554641: openSUSE:Factory:Staging:adi:58 build unchanged
554846: openSUSE:Factory:Staging:adi:56 build unchanged
556219: openSUSE:Factory:Staging:adi:173 build unchanged
556657: openSUSE:Leap:15.0:Staging:adi:29 not ready
556916: openSUSE:Factory:Staging:adi:51 build unchanged
558201: openSUSE:Leap:15.0:Staging:adi:55 not ready
558739: openSUSE:Leap:15.0:Staging:E not ready
558763: openSUSE:Factory:Staging:adi:77 build unchanged
558768: openSUSE:Factory:Staging:adi:46 not ready
558825: openSUSE:Leap:15.0:Staging:adi:51 not ready
558831: openSUSE:Factory:Staging:adi:77 build unchanged
558834: openSUSE:Factory:Staging:adi:77 build unchanged
558840: not staged
558858: openSUSE:Leap:15.0:Staging:adi:18 not ready
559347: openSUSE:Factory:Staging:adi:100 build unchanged
559894: openSUSE:Factory:Staging:adi:126 build unchanged
559895: openSUSE:Factory:Staging:adi:126 build unchanged
559896: openSUSE:Factory:Staging:adi:126 build unchanged
559897: openSUSE:Factory:Staging:adi:126 build unchanged
559898: openSUSE:Factory:Staging:adi:126 build unchanged
559899: openSUSE:Factory:Staging:adi:126 build unchanged
559900: openSUSE:Factory:Staging:adi:126 build unchanged
559901: openSUSE:Factory:Staging:adi:126 build unchanged
559902: openSUSE:Factory:Staging:adi:126 build unchanged
559903: openSUSE:Factory:Staging:adi:126 build unchanged
559904: openSUSE:Factory:Staging:adi:126 build unchanged
559905: openSUSE:Factory:Staging:adi:126 build unchanged
559906: openSUSE:Factory:Staging:adi:126 build unchanged
559907: openSUSE:Factory:Staging:adi:126 build unchanged
559908: openSUSE:Factory:Staging:adi:126 build unchanged
559910: openSUSE:Factory:Staging:adi:126 build unchanged
559911: openSUSE:Factory:Staging:adi:126 build unchanged
559912: openSUSE:Factory:Staging:adi:126 build unchanged
559913: openSUSE:Factory:Staging:adi:126 build unchanged
559914: openSUSE:Factory:Staging:adi:126 build unchanged
559915: openSUSE:Factory:Staging:adi:126 build unchanged
559917: openSUSE:Factory:Staging:adi:126 build unchanged
559918: openSUSE:Factory:Staging:adi:126 build unchanged
559919: openSUSE:Factory:Staging:adi:126 build unchanged
559920: openSUSE:Factory:Staging:adi:126 build unchanged
559921: openSUSE:Factory:Staging:adi:126 build unchanged
559922: openSUSE:Factory:Staging:adi:126 build unchanged
559923: openSUSE:Factory:Staging:adi:126 build unchanged
559924: openSUSE:Factory:Staging:adi:126 build unchanged
559925: openSUSE:Factory:Staging:adi:126 build unchanged
559926: openSUSE:Factory:Staging:adi:126 build unchanged
559927: openSUSE:Factory:Staging:adi:126 build unchanged
559928: openSUSE:Factory:Staging:adi:126 build unchanged
559929: openSUSE:Factory:Staging:adi:126 build unchanged
559930: openSUSE:Factory:Staging:adi:126 build unchanged
559931: openSUSE:Factory:Staging:adi:126 build unchanged
559932: openSUSE:Factory:Staging:adi:126 build unchanged
559933: openSUSE:Factory:Staging:adi:126 build unchanged
559934: openSUSE:Factory:Staging:adi:126 build unchanged
559935: openSUSE:Factory:Staging:adi:126 build unchanged
559936: openSUSE:Factory:Staging:adi:126 build unchanged
559937: openSUSE:Factory:Staging:adi:126 build unchanged
559938: openSUSE:Factory:Staging:adi:126 build unchanged
559939: openSUSE:Factory:Staging:adi:126 build unchanged
559940: openSUSE:Factory:Staging:adi:126 build unchanged
559941: openSUSE:Factory:Staging:adi:126 build unchanged
559942: openSUSE:Factory:Staging:adi:126 build unchanged
559943: openSUSE:Factory:Staging:adi:126 build unchanged
559944: openSUSE:Factory:Staging:adi:126 build unchanged
559945: openSUSE:Factory:Staging:adi:126 build unchanged
559946: openSUSE:Factory:Staging:adi:126 build unchanged
559947: openSUSE:Factory:Staging:adi:126 build unchanged
559949: openSUSE:Factory:Staging:adi:126 build unchanged
559950: openSUSE:Factory:Staging:adi:126 build unchanged
559952: openSUSE:Factory:Staging:adi:126 build unchanged
559953: openSUSE:Factory:Staging:adi:126 build unchanged
559955: openSUSE:Factory:Staging:adi:126 build unchanged
559957: openSUSE:Factory:Staging:adi:126 build unchanged
560015: openSUSE:Factory:Staging:adi:126 build unchanged
560018: openSUSE:Factory:Staging:adi:126 build unchanged
560081: openSUSE:Factory:Staging:adi:4 not ready
560433: openSUSE:Factory:Staging:adi:77 build unchanged
560640: openSUSE:Leap:15.0:Staging:adi:143 not ready
560807: openSUSE:Leap:15.0:Staging:adi:74 not ready
560866: openSUSE:Factory:Staging:adi:168 not ready
561580: openSUSE:Leap:15.0:Staging:adi:141 not ready
561585: openSUSE:Leap:15.0:Staging:adi:141 not ready
561586: openSUSE:Leap:15.0:Staging:adi:141 not ready
561588: openSUSE:Leap:15.0:Staging:adi:141 not ready
561589: openSUSE:Leap:15.0:Staging:adi:141 not ready
561590: openSUSE:Leap:15.0:Staging:adi:141 not ready
561591: openSUSE:Leap:15.0:Staging:adi:141 not ready
561592: openSUSE:Leap:15.0:Staging:adi:141 not ready
561616: not staged
562037: not staged
563213: openSUSE:Factory:Staging:adi:114 not ready
563247: not staged
563262: openSUSE:Factory:Staging:adi:39 build unchanged
563699: openSUSE:Factory:Staging:adi:104 not ready
563700: openSUSE:Factory:Staging:adi:104 not ready
563768: openSUSE:Leap:15.0:Staging:adi:29 not ready
563769: openSUSE:Leap:15.0:Staging:adi:29 not ready
563772: openSUSE:Factory:Staging:adi:3 not ready
563902: openSUSE:Factory:Staging:adi:109 build unchanged
563906: openSUSE:Factory:Staging:adi:109 build unchanged
564018: openSUSE:Leap:15.0:Staging:adi:29 not ready
564019: openSUSE:Leap:15.0:Staging:adi:29 not ready
564079: openSUSE:Leap:15.0:Staging:adi:42 not ready
564093: openSUSE:Leap:15.0:Staging:adi:75 not ready
564097: openSUSE:Leap:15.0:Staging:adi:42 not ready
564098: openSUSE:Leap:15.0:Staging:adi:42 not ready
564106: openSUSE:Leap:15.0:Staging:adi:75 not ready
564117: openSUSE:Leap:15.0:Staging:adi:75 not ready
564124: openSUSE:Leap:15.0:Staging:adi:75 not ready
564136: openSUSE:Leap:15.0:Staging:adi:42 not ready
564198: openSUSE:Leap:15.0:Staging:A ready
564199: openSUSE:Leap:15.0:Staging:A ready
564201: openSUSE:Leap:15.0:Staging:A ready
564203: openSUSE:Leap:15.0:Staging:A ready
564204: openSUSE:Leap:15.0:Staging:adi:42 not ready
564206: openSUSE:Leap:15.0:Staging:A ready
564207: openSUSE:Leap:15.0:Staging:A ready
564209: openSUSE:Leap:15.0:Staging:A ready
564210: not staged
564212: openSUSE:Leap:15.0:Staging:A ready
564213: openSUSE:Leap:15.0:Staging:adi:13 not ready
564215: openSUSE:Leap:15.0:Staging:A ready
564439: openSUSE:Leap:15.0:Staging:A ready
564440: openSUSE:Leap:15.0:Staging:A ready
564442: openSUSE:Leap:15.0:Staging:A ready
564443: openSUSE:Leap:15.0:Staging:A ready
564444: openSUSE:Leap:15.0:Staging:A ready
564445: openSUSE:Leap:15.0:Staging:A ready
564508: openSUSE:Leap:15.0:Staging:A ready
564509: openSUSE:Leap:15.0:Staging:A ready
564529: openSUSE:Leap:15.0:Staging:adi:159 not ready
564530: openSUSE:Leap:15.0:Staging:adi:134 not ready
564532: openSUSE:Leap:15.0:Staging:adi:134 not ready
564537: openSUSE:Leap:15.0:Staging:adi:134 not ready
564571: openSUSE:Leap:15.0:Staging:adi:119 not ready
564600: openSUSE:Leap:15.0:Staging:adi:59 not ready
564626: openSUSE:Leap:15.0:Staging:adi:159 not ready
564637: openSUSE:Leap:15.0:Staging:adi:134 not ready
564641: openSUSE:Leap:15.0:Staging:adi:134 not ready
564661: openSUSE:Leap:15.0:Staging:adi:59 not ready
564683: openSUSE:Leap:15.0:Staging:adi:134 not ready
564686: openSUSE:Leap:15.0:Staging:adi:159 not ready
564688: openSUSE:Leap:15.0:Staging:adi:134 not ready
564690: openSUSE:Leap:15.0:Staging:adi:134 not ready
564693: openSUSE:Leap:15.0:Staging:adi:134 not ready
564696: openSUSE:Leap:15.0:Staging:adi:59 not ready
564704: openSUSE:Leap:15.0:Staging:adi:134 not ready
564727: openSUSE:Leap:15.0:Staging:adi:134 not ready
564733: openSUSE:Leap:15.0:Staging:adi:134 not ready
564742: openSUSE:Leap:15.0:Staging:adi:134 not ready
564743: openSUSE:Leap:15.0:Staging:adi:134 not ready
564744: openSUSE:Leap:15.0:Staging:adi:59 not ready
564755: openSUSE:Leap:15.0:Staging:adi:180 not ready
564758: openSUSE:Leap:15.0:Staging:adi:161 not ready
564772: openSUSE:Leap:15.0:Staging:adi:161 not ready
564781: openSUSE:Leap:15.0:Staging:adi:161 not ready
564786: openSUSE:Leap:15.0:Staging:adi:179 not ready
564791: openSUSE:Leap:15.0:Staging:adi:161 not ready
564802: openSUSE:Leap:15.0:Staging:adi:180 not ready
564811: openSUSE:Leap:15.0:Staging:adi:161 not ready
564818: openSUSE:Leap:15.0:Staging:adi:134 not ready
564820: openSUSE:Leap:15.0:Staging:adi:134 not ready
564826: openSUSE:Leap:15.0:Staging:adi:134 not ready
564828: openSUSE:Leap:15.0:Staging:adi:180 not ready
564839: openSUSE:Leap:15.0:Staging:adi:134 not ready
564842: openSUSE:Leap:15.0:Staging:adi:159 not ready
564848: openSUSE:Leap:15.0:Staging:adi:134 not ready
564862: openSUSE:Leap:15.0:Staging:adi:134 not ready
564866: openSUSE:Leap:15.0:Staging:adi:160 not ready
564874: openSUSE:Leap:15.0:Staging:adi:134 not ready
564877: openSUSE:Leap:15.0:Staging:adi:180 not ready
564880: openSUSE:Leap:15.0:Staging:adi:134 not ready
564914: openSUSE:Leap:15.0:Staging:adi:160 not ready
564925: openSUSE:Leap:15.0:Staging:adi:134 not ready
564926: openSUSE:Leap:15.0:Staging:adi:159 not ready
564953: openSUSE:Leap:15.0:Staging:adi:29 not ready
564954: openSUSE:Leap:15.0:Staging:adi:59 not ready
564957: openSUSE:Leap:15.0:Staging:adi:59 not ready
564970: openSUSE:Leap:15.0:Staging:adi:29 not ready
564971: openSUSE:Leap:15.0:Staging:adi:60 not ready
564989: openSUSE:Leap:15.0:Staging:adi:134 not ready
564991: openSUSE:Leap:15.0:Staging:adi:134 not ready
565005: openSUSE:Leap:15.0:Staging:adi:134 not ready
565008: openSUSE:Leap:15.0:Staging:adi:134 not ready
565010: openSUSE:Leap:15.0:Staging:adi:134 not ready
565020: openSUSE:Leap:15.0:Staging:adi:134 not ready
565022: openSUSE:Leap:15.0:Staging:adi:134 not ready
565055: openSUSE:Leap:15.0:Staging:adi:164 not ready
565075: openSUSE:Leap:15.0:Staging:adi:134 not ready
565083: openSUSE:Leap:15.0:Staging:adi:159 not ready
565088: openSUSE:Leap:15.0:Staging:adi:159 not ready
565090: openSUSE:Leap:15.0:Staging:adi:134 not ready
565103: openSUSE:Leap:15.0:Staging:adi:134 not ready
565151: openSUSE:Leap:15.0:Staging:adi:134 not ready
565153: openSUSE:Leap:15.0:Staging:adi:134 not ready
565163: openSUSE:Leap:15.0:Staging:adi:160 not ready
565166: openSUSE:Leap:15.0:Staging:adi:29 not ready
565174: openSUSE:Leap:15.0:Staging:adi:179 not ready
565185: openSUSE:Leap:15.0:Staging:adi:180 not ready
565193: openSUSE:Leap:15.0:Staging:adi:29 not ready
565201: openSUSE:Leap:15.0:Staging:adi:160 not ready
565210: openSUSE:Leap:15.0:Staging:adi:161 not ready
565220: openSUSE:Leap:15.0:Staging:adi:159 not ready
565239: openSUSE:Leap:15.0:Staging:adi:160 not ready
565245: openSUSE:Leap:15.0:Staging:adi:134 not ready
565247: openSUSE:Leap:15.0:Staging:adi:161 not ready
565251: openSUSE:Leap:15.0:Staging:adi:134 not ready
565259: openSUSE:Leap:15.0:Staging:adi:134 not ready
565265: openSUSE:Leap:15.0:Staging:adi:134 not ready
565267: openSUSE:Leap:15.0:Staging:adi:134 not ready
565270: openSUSE:Leap:15.0:Staging:adi:180 not ready
565292: openSUSE:Leap:15.0:Staging:adi:160 not ready
565309: openSUSE:Leap:15.0:Staging:adi:134 not ready
565340: openSUSE:Leap:15.0:Staging:adi:29 not ready
565342: openSUSE:Leap:15.0:Staging:adi:119 not ready
565345: openSUSE:Leap:15.0:Staging:adi:134 not ready
565383: openSUSE:Leap:15.0:Staging:adi:29 not ready
565385: openSUSE:Leap:15.0:Staging:adi:134 not ready
565412: openSUSE:Leap:15.0:Staging:adi:134 not ready
565413: openSUSE:Leap:15.0:Staging:adi:29 not ready
565427: openSUSE:Leap:15.0:Staging:adi:134 not ready
565445: openSUSE:Leap:15.0:Staging:adi:134 not ready
565447: openSUSE:Leap:15.0:Staging:adi:134 not ready
565461: openSUSE:Leap:15.0:Staging:adi:159 not ready
565462: openSUSE:Leap:15.0:Staging:adi:159 not ready
565464: openSUSE:Leap:15.0:Staging:adi:134 not ready
565473: openSUSE:Leap:15.0:Staging:adi:159 not ready
565480: openSUSE:Leap:15.0:Staging:adi:159 not ready
565484: openSUSE:Leap:15.0:Staging:adi:119 not ready
565485: openSUSE:Leap:15.0:Staging:adi:179 not ready
565487: openSUSE:Leap:15.0:Staging:adi:159 not ready
565497: openSUSE:Leap:15.0:Staging:adi:134 not ready
565499: openSUSE:Leap:15.0:Staging:adi:134 not ready
565507: openSUSE:Leap:15.0:Staging:adi:161 not ready
565511: openSUSE:Leap:15.0:Staging:adi:159 not ready
565517: openSUSE:Leap:15.0:Staging:adi:134 not ready
565531: openSUSE:Leap:15.0:Staging:adi:134 not ready
565532: openSUSE:Leap:15.0:Staging:adi:160 not ready
565536: openSUSE:Leap:15.0:Staging:adi:134 not ready
565538: openSUSE:Leap:15.0:Staging:adi:134 not ready
565550: openSUSE:Leap:15.0:Staging:adi:29 not ready
565569: openSUSE:Leap:15.0:Staging:adi:60 not ready
565571: openSUSE:Leap:15.0:Staging:adi:134 not ready
565578: openSUSE:Leap:15.0:Staging:adi:180 not ready
565606: openSUSE:Leap:15.0:Staging:adi:159 not ready
565612: openSUSE:Leap:15.0:Staging:adi:134 not ready
565628: openSUSE:Leap:15.0:Staging:adi:180 not ready
565629: openSUSE:Leap:15.0:Staging:adi:119 not ready
565634: openSUSE:Leap:15.0:Staging:adi:161 not ready
565644: openSUSE:Leap:15.0:Staging:adi:1 not ready
565649: openSUSE:Leap:15.0:Staging:adi:119 not ready
565671: openSUSE:Leap:15.0:Staging:adi:160 not ready
565674: openSUSE:Leap:15.0:Staging:adi:59 not ready
565678: openSUSE:Leap:15.0:Staging:adi:159 not ready
565682: openSUSE:Leap:15.0:Staging:adi:134 not ready
565695: openSUSE:Leap:15.0:Staging:adi:160 not ready
565701: openSUSE:Leap:15.0:Staging:adi:134 not ready
565707: openSUSE:Leap:15.0:Staging:adi:59 not ready
565710: openSUSE:Leap:15.0:Staging:adi:134 not ready
565712: openSUSE:Leap:15.0:Staging:adi:134 not ready
565718: openSUSE:Leap:15.0:Staging:adi:134 not ready
565729: openSUSE:Leap:15.0:Staging:adi:159 not ready
565733: openSUSE:Leap:15.0:Staging:adi:134 not ready
565734: openSUSE:Leap:15.0:Staging:adi:59 not ready
565738: openSUSE:Leap:15.0:Staging:adi:161 not ready
565742: openSUSE:Leap:15.0:Staging:adi:29 not ready
565797: openSUSE:Factory:Staging:adi:70 not ready
565798: openSUSE:Factory:Staging:adi:70 not ready
565809: openSUSE:Leap:15.0:Staging:adi:10 not ready
565822: openSUSE:Leap:15.0:Staging:adi:71 not ready
565825: openSUSE:Leap:15.0:Staging:adi:71 not ready
565826: openSUSE:Leap:15.0:Staging:adi:71 not ready
565841: openSUSE:Leap:15.0:Staging:adi:84 not ready
565842: openSUSE:Leap:15.0:Staging:A ready
565844: openSUSE:Leap:15.0:Staging:A ready
565845: openSUSE:Leap:15.0:Staging:A ready
565846: openSUSE:Leap:15.0:Staging:A ready
565850: openSUSE:Leap:15.0:Staging:A ready
565851: openSUSE:Leap:15.0:Staging:A ready
565853: openSUSE:Leap:15.0:Staging:A ready
565855: openSUSE:Leap:15.0:Staging:A ready
565856: openSUSE:Leap:15.0:Staging:A ready
565925: not staged
566189: openSUSE:Leap:15.0:Staging:E not ready
566191: openSUSE:Leap:15.0:Staging:E not ready
566194: openSUSE:Leap:15.0:Staging:E not ready
566198: openSUSE:Leap:15.0:Staging:E not ready
566199: openSUSE:Leap:15.0:Staging:E not ready
566202: openSUSE:Leap:15.0:Staging:E not ready
566205: openSUSE:Leap:15.0:Staging:E not ready
566208: openSUSE:Leap:15.0:Staging:E not ready
566210: openSUSE:Leap:15.0:Staging:E not ready
566215: openSUSE:Leap:15.0:Staging:E not ready
566217: openSUSE:Leap:15.0:Staging:E not ready
566221: openSUSE:Leap:15.0:Staging:E not ready
566229: openSUSE:Leap:15.0:Staging:E not ready
566231: openSUSE:Leap:15.0:Staging:E not ready
566238: openSUSE:Factory:Staging:adi:79 not ready
566366: openSUSE:Factory:Staging:B not ready
566388: openSUSE:Factory:Staging:adi:80 not ready
566404: not staged
566407: openSUSE:Factory:Staging:B not ready
566408: openSUSE:Factory:Staging:B not ready
566413: openSUSE:Factory:Staging:B not ready
566414: openSUSE:Factory:Staging:B not ready
566417: openSUSE:Factory:Staging:B not ready
566437: openSUSE:Factory:Staging:B not ready
566439: openSUSE:Factory:Staging:B not ready
566441: openSUSE:Factory:Staging:B not ready
566446: openSUSE:Factory:Staging:B not ready
566456: openSUSE:Factory:Staging:B not ready
566474: openSUSE:Leap:15.0:Staging:E not ready
566476: openSUSE:Leap:15.0:Staging:E not ready
566479: not staged
566481: openSUSE:Leap:15.0:Staging:E not ready
566482: openSUSE:Leap:15.0:Staging:E not ready
566489: openSUSE:Factory:Staging:B not ready
566565: openSUSE:Factory:Staging:A not ready
566575: openSUSE:Factory:Staging:F not ready
566592: openSUSE:Leap:15.0:Staging:adi:29 not ready
566894: openSUSE:Factory:Staging:adi:42 not ready
566920: openSUSE:Factory:Staging:adi:42 not ready
566922: openSUSE:Factory:Staging:adi:42 not ready
566924: openSUSE:Factory:Staging:adi:42 not ready
566928: openSUSE:Factory:Staging:adi:42 not ready
566932: openSUSE:Factory:Staging:adi:42 not ready
566936: openSUSE:Factory:Staging:adi:42 not ready
566941: not staged
566954: not staged
566955: not staged
566956: not staged
566958: not staged
566960: not staged
566962: not staged
566991: openSUSE:Factory:Staging:adi:109 build unchanged
567005: openSUSE:Factory:Staging:A not ready
567194: not staged
567212: openSUSE:Factory:Staging:E not ready
567254: openSUSE:Factory:Staging:adi:43 not ready
567259: openSUSE:Factory:Staging:adi:43 not ready
567260: openSUSE:Factory:Staging:adi:43 not ready
567261: openSUSE:Factory:Staging:adi:43 not ready
567262: openSUSE:Factory:Staging:adi:43 not ready
567263: openSUSE:Factory:Staging:adi:43 not ready
567264: openSUSE:Factory:Staging:adi:43 not ready
567265: openSUSE:Factory:Staging:adi:43 not ready
567266: openSUSE:Factory:Staging:adi:43 not ready
567267: openSUSE:Factory:Staging:adi:43 not ready
567268: openSUSE:Factory:Staging:adi:43 not ready
567269: openSUSE:Factory:Staging:adi:43 not ready
567271: openSUSE:Factory:Staging:adi:43 not ready
567272: openSUSE:Factory:Staging:adi:43 not ready
567273: openSUSE:Factory:Staging:adi:43 not ready
567274: openSUSE:Factory:Staging:adi:43 not ready
567275: openSUSE:Factory:Staging:adi:43 not ready
567276: openSUSE:Factory:Staging:adi:43 not ready
567277: openSUSE:Factory:Staging:adi:43 not ready
567278: openSUSE:Factory:Staging:adi:43 not ready
567279: openSUSE:Factory:Staging:adi:43 not ready
567280: openSUSE:Factory:Staging:adi:43 not ready
567282: openSUSE:Factory:Staging:adi:43 not ready
567283: openSUSE:Factory:Staging:adi:43 not ready
567284: openSUSE:Factory:Staging:adi:43 not ready
567285: openSUSE:Factory:Staging:adi:43 not ready
567298: openSUSE:Leap:15.0:Staging:adi:29 not ready
567299: openSUSE:Leap:15.0:Staging:adi:7 not ready
567308: openSUSE:Leap:15.0:Staging:A ready
567315: openSUSE:Factory:Staging:adi:81 build unchanged
567316: openSUSE:Leap:15.0:Staging:adi:29 not ready
567318: openSUSE:Leap:15.0:Staging:adi:29 not ready
567319: openSUSE:Leap:15.0:Staging:adi:29 not ready
567320: openSUSE:Leap:15.0:Staging:adi:29 not ready
567321: openSUSE:Leap:15.0:Staging:adi:29 not ready
567322: openSUSE:Leap:15.0:Staging:adi:29 not ready
567323: openSUSE:Leap:15.0:Staging:adi:29 not ready
567324: openSUSE:Leap:15.0:Staging:adi:29 not ready
567325: openSUSE:Leap:15.0:Staging:adi:29 not ready
567326: openSUSE:Leap:15.0:Staging:adi:29 not ready
567327: openSUSE:Leap:15.0:Staging:adi:29 not ready
567329: openSUSE:Leap:15.0:Staging:E not ready
567330: openSUSE:Leap:15.0:Staging:E not ready
567331: openSUSE:Leap:15.0:Staging:E not ready
567343: openSUSE:Leap:15.0:Staging:B not ready
567365: openSUSE:Leap:15.0:Staging:adi:29 not ready
567367: openSUSE:Leap:15.0:Staging:adi:29 not ready
567368: openSUSE:Leap:15.0:Staging:adi:29 not ready
567401: openSUSE:Leap:15.0:Staging:adi:70 not ready
567415: openSUSE:Leap:15.0:Staging:adi:29 not ready
567417: openSUSE:Leap:15.0:Staging:C not ready
567421: openSUSE:Leap:15.0:Staging:E not ready
567467: openSUSE:Factory:Staging:adi:43 not ready
567468: openSUSE:Factory:Staging:A not ready
567469: openSUSE:Factory:Staging:adi:13 not ready
567470: openSUSE:Leap:15.0:Staging:adi:29 not ready
567471: openSUSE:Leap:15.0:Staging:adi:29 not ready
567473: openSUSE:Factory:Staging:adi:43 not ready
567478: openSUSE:Leap:15.0:Staging:B not ready
567485: openSUSE:Factory:Staging:H not ready
567487: openSUSE:Leap:15.0:Staging:adi:29 not ready
567488: openSUSE:Leap:15.0:Staging:adi:29 not ready
567490: openSUSE:Leap:15.0:Staging:adi:29 not ready
567493: openSUSE:Leap:15.0:Staging:adi:29 not ready
567494: openSUSE:Leap:15.0:Staging:adi:29 not ready
567506: openSUSE:Factory:Staging:H not ready
567507: openSUSE:Factory:Staging:H not ready
567518: openSUSE:Factory:Staging:H not ready
567542: openSUSE:Factory:Staging:adi:21 not ready
567543: openSUSE:Factory:Staging:adi:21 not ready
567590: openSUSE:Factory:Staging:H not ready
567597: openSUSE:Leap:15.0:Staging:adi:29 not ready
567598: openSUSE:Leap:15.0:Staging:adi:29 not ready
567599: openSUSE:Leap:15.0:Staging:adi:29 not ready
567600: openSUSE:Leap:15.0:Staging:adi:29 not ready
567601: openSUSE:Leap:15.0:Staging:adi:29 not ready
567603: openSUSE:Factory:Staging:D not ready
567607: openSUSE:Leap:15.0:Staging:adi:29 not ready
567617: openSUSE:Factory:Staging:D not ready
567623: openSUSE:Leap:15.0:Staging:adi:29 not ready
567625: openSUSE:Leap:15.0:Staging:B not ready
567628: openSUSE:Leap:15.0:Staging:adi:29 not ready
567630: openSUSE:Factory:Staging:D not ready
567632: openSUSE:Factory:Staging:H not ready
567633: openSUSE:Factory:Staging:H not ready
567635: openSUSE:Factory:Staging:H not ready
567636: openSUSE:Leap:15.0:Staging:B not ready
567637: openSUSE:Leap:15.0:Staging:B not ready
567638: openSUSE:Leap:15.0:Staging:B not ready
567639: openSUSE:Leap:15.0:Staging:B not ready
567640: openSUSE:Leap:15.0:Staging:B not ready
567641: openSUSE:Leap:15.0:Staging:B not ready
567643: openSUSE:Leap:15.0:Staging:B not ready
567644: openSUSE:Factory:Staging:H not ready
567645: openSUSE:Leap:15.0:Staging:B not ready
567647: openSUSE:Leap:15.0:Staging:B not ready
567648: openSUSE:Leap:15.0:Staging:B not ready
567650: openSUSE:Leap:15.0:Staging:B not ready
567651: openSUSE:Leap:15.0:Staging:B not ready
567657: openSUSE:Leap:15.0:Staging:adi:29 not ready
567658: openSUSE:Leap:15.0:Staging:adi:29 not ready
567661: openSUSE:Factory:Staging:H not ready
567664: openSUSE:Leap:15.0:Staging:adi:29 not ready
567665: openSUSE:Factory:Staging:H not ready
567670: openSUSE:Factory:Staging:H not ready
567677: openSUSE:Leap:15.0:Staging:adi:159 not ready
567691: openSUSE:Factory:Staging:B not ready
567692: openSUSE:Factory:Staging:adi:41 not ready
567694: openSUSE:Leap:15.0:Staging:adi:29 not ready
567710: openSUSE:Leap:15.0:Staging:F ready
567712: openSUSE:Leap:15.0:Staging:D not ready
567723: openSUSE:Factory:Staging:A not ready
567724: openSUSE:Factory:Staging:D not ready
567726: openSUSE:Factory:Staging:H not ready
567727: openSUSE:Factory:Staging:D not ready
567728: openSUSE:Leap:15.0:Staging:adi:29 not ready
567729: openSUSE:Factory:Staging:D not ready
567740: openSUSE:Factory:Staging:H not ready
567743: openSUSE:Factory:Staging:K not ready
567745: openSUSE:Leap:15.0:Staging:adi:29 not ready
567754: not staged
567758: openSUSE:Leap:15.0:Staging:D not ready
567768: openSUSE:Factory:Staging:H not ready
567770: openSUSE:Factory:Staging:H not ready
567771: openSUSE:Factory:Staging:H not ready
567772: openSUSE:Leap:15.0:Staging:F ready
567776: openSUSE:Factory:Staging:J not ready
567777: openSUSE:Factory:Staging:J not ready
567834: openSUSE:Factory:Staging:H not ready
567835: openSUSE:Factory:Staging:adi:59 ready
requests: 903 skipped, 30 queued
